fitness/build/intermediates/manifest_merge_blame_file/debug/manifest-merger-blame-debug-report.txt
1<?xml version="1.0" encoding="utf-8"?>
2<manifest xmlns:android="http://schemas.android.com/apk/res/android"
3    xmlns:tools="http://schemas.android.com/tools"
4    package="com.easyfitness" >
5
6    <uses-sdk android:minSdkVersion="1" />
6-->src\main\AndroidManifest.xml
7
8    <uses-permission android:name="android.permission.VIBRATE" />
8-->src\main\AndroidManifest.xml:6:5-66
8-->src\main\AndroidManifest.xml:6:22-63
9    <uses-permission android:name="android.permission.READ_EXTERNAL_STORAGE" />
9-->src\main\AndroidManifest.xml:7:5-80
9-->src\main\AndroidManifest.xml:7:22-77
10    <uses-permission android:name="android.permission.WRITE_EXTERNAL_STORAGE" />
10-->src\main\AndroidManifest.xml:8:5-81
10-->src\main\AndroidManifest.xml:8:22-78
11    <uses-permission android:name="android.permission.ACTION_HEADSET_PLUG" />
11-->src\main\AndroidManifest.xml:9:5-78
11-->src\main\AndroidManifest.xml:9:22-75
12    <uses-permission android:name="android.permission.CAMERA" />
12-->src\main\AndroidManifest.xml:10:5-65
12-->src\main\AndroidManifest.xml:10:22-62
13
14    <uses-feature
14-->src\main\AndroidManifest.xml:12:5-14:36
15        android:name="android.hardware.camera"
15-->src\main\AndroidManifest.xml:13:9-47
16        android:required="false" />
16-->src\main\AndroidManifest.xml:14:9-33
17
18    <application
18-->src\main\AndroidManifest.xml:16:5-51:19
19        android:allowBackup="true"
19-->src\main\AndroidManifest.xml:17:9-35
20        android:label="@string/app_name"
20-->src\main\AndroidManifest.xml:18:9-41
21        android:requestLegacyExternalStorage="true"
21-->src\main\AndroidManifest.xml:20:9-52
22        android:theme="@style/AppTheme" >
22-->src\main\AndroidManifest.xml:19:9-40
23        <activity
23-->src\main\AndroidManifest.xml:21:9-25:60
24            android:name="com.easyfitness.MainActivity"
24-->src\main\AndroidManifest.xml:22:13-41
25            android:configChanges="orientation|screenSize"
25-->src\main\AndroidManifest.xml:23:13-59
26            android:label="@string/main"
26-->src\main\AndroidManifest.xml:24:13-41
27            android:windowSoftInputMode="stateUnchanged" />
27-->src\main\AndroidManifest.xml:25:13-57
28        <activity
28-->src\main\AndroidManifest.xml:26:9-28:50
29            android:name="com.easyfitness.intro.MainIntroActivity"
29-->src\main\AndroidManifest.xml:27:13-52
30            android:theme="@style/Theme.Intro" />
30-->src\main\AndroidManifest.xml:28:13-47
31        <activity
31-->src\main\AndroidManifest.xml:29:9-31:59
32            android:name="com.theartofdev.edmodo.cropper.CropImageActivity"
32-->src\main\AndroidManifest.xml:30:13-76
33            android:theme="@style/Base.Theme.AppCompat" />
33-->src\main\AndroidManifest.xml:31:13-56
34
35        <meta-data
35-->src\main\AndroidManifest.xml:33:9-35:60
36            android:name="firebase_crash_collection_enabled"
36-->src\main\AndroidManifest.xml:34:13-61
37            android:value="@bool/FIREBASE_CRASH_ENABLED" />
37-->src\main\AndroidManifest.xml:35:13-57
38
39        <provider
39-->src\main\AndroidManifest.xml:37:9-45:20
40            android:name="androidx.core.content.FileProvider"
40-->src\main\AndroidManifest.xml:38:13-62
41            android:authorities="${applicationId}.provider"
41-->src\main\AndroidManifest.xml:39:13-60
42            android:exported="false"
42-->src\main\AndroidManifest.xml:40:13-37
43            android:grantUriPermissions="true" >
43-->src\main\AndroidManifest.xml:41:13-47
44            <meta-data
44-->src\main\AndroidManifest.xml:42:13-44:58
45                android:name="android.support.FILE_PROVIDER_PATHS"
45-->src\main\AndroidManifest.xml:43:17-67
46                android:resource="@xml/provider_paths" />
46-->src\main\AndroidManifest.xml:44:17-55
47        </provider>
48
49        <receiver
49-->src\main\AndroidManifest.xml:47:9-49:41
50            android:name="com.easyfitness.utils.AlarmReceiver"
50-->src\main\AndroidManifest.xml:48:13-48
51            android:process=":remote" />
51-->src\main\AndroidManifest.xml:49:13-38
52    </application>
53
54</manifest>